outputs/logs/manifest-merger-debug-report.txt
-- Merging decision tree log ---
provider#androidx.core.content.FileProvider
INJECTED from src/main/AndroidManifest.xml:447:9-455:20
	android:grantUriPermissions
		ADDED from src/main/AndroidManifest.xml:451:13-47
	android:authorities
		INJECTED from src/main/AndroidManifest.xml
		ADDED from src/main/AndroidManifest.xml:449:13-71
	android:exported
		ADDED from src/main/AndroidManifest.xml:450:13-37
	android:name
		ADDED from src/main/AndroidManifest.xml:448:13-62
manifest
ADDED from src/main/AndroidManifest.xml:2:1-521:12
INJECTED from src/main/AndroidManifest.xml:2:1-521:12
INJECTED from src/main/AndroidManifest.xml:2:1-521:12
INJECTED from src/main/AndroidManifest.xml:2:1-521:12
MERGED from [androidx.constraintlayout:constraintlayout:1.1.3] AndroidManifest.xml:2:1-11:12
MERGED from [androidx.preference:preference:1.1.1] AndroidManifest.xml:17:1-24:12
MERGED from [com.google.android.material:material:1.1.0] AndroidManifest.xml:17:1-24:12
MERGED from [com.jaredrummler:colorpicker:1.0.2] AndroidManifest.xml:2:1-10:12
MERGED from [com.github.wax911:android-emojify:0.1.7] AndroidManifest.xml:2:1-16:12
MERGED from [androidx.appcompat:appcompat:1.1.0] AndroidManifest.xml:17:1-24:12
MERGED from [androidx.cardview:cardview:1.0.0] AndroidManifest.xml:17:1-22:12
MERGED from [androidx.viewpager2:viewpager2:1.0.0] AndroidManifest.xml:17:1-24:12
MERGED from [androidx.recyclerview:recyclerview:1.1.0] AndroidManifest.xml:17:1-24:12
MERGED from [androidx.legacy:legacy-support-v4:1.0.0] AndroidManifest.xml:17:1-22:12
MERGED from [androidx.gridlayout:gridlayout:1.0.0] AndroidManifest.xml:17:1-22:12
MERGED from [androidx.palette:palette:1.0.0] AndroidManifest.xml:17:1-22:12
MERGED from [com.github.PhilJay:MPAndroidChart:v3.1.0] AndroidManifest.xml:2:1-20:12
MERGED from [de.cketti.library.changelog:ckchangelog:1.2.2] AndroidManifest.xml:2:1-11:12
MERGED from [org.cyanogenmod:platform.sdk:6.0] AndroidManifest.xml:19:1-22:12
MERGED from [androidx.appcompat:appcompat-resources:1.1.0] AndroidManifest.xml:17:1-24:12
MERGED from [androidx.legacy:legacy-support-core-ui:1.0.0] AndroidManifest.xml:17:1-22:12
MERGED from [androidx.drawerlayout:drawerlayout:1.0.0] AndroidManifest.xml:17:1-22:12
MERGED from [androidx.fragment:fragment:1.2.4] AndroidManifest.xml:17:1-24:12
MERGED from [androidx.coordinatorlayout:coordinatorlayout:1.1.0] AndroidManifest.xml:17:1-24:12
MERGED from [androidx.viewpager:viewpager:1.0.0] AndroidManifest.xml:17:1-22:12
MERGED from [androidx.slidingpanelayout:slidingpanelayout:1.0.0] AndroidManifest.xml:17:1-22:12
MERGED from [androidx.customview:customview:1.0.0] AndroidManifest.xml:17:1-22:12
MERGED from [androidx.media:media:1.0.0] AndroidManifest.xml:17:1-22:12
MERGED from [androidx.legacy:legacy-support-core-utils:1.0.0] AndroidManifest.xml:17:1-22:12
MERGED from [androidx.transition:transition:1.2.0] AndroidManifest.xml:17:1-24:12
MERGED from [androidx.vectordrawable:vectordrawable-animated:1.1.0] AndroidManifest.xml:17:1-24:12
MERGED from [androidx.vectordrawable:vectordrawable:1.1.0] AndroidManifest.xml:17:1-24:12
MERGED from [androidx.loader:loader:1.0.0] AndroidManifest.xml:17:1-22:12
MERGED from [androidx.activity:activity:1.1.0] AndroidManifest.xml:17:1-24:12
MERGED from [androidx.swiperefreshlayout:swiperefreshlayout:1.0.0] AndroidManifest.xml:17:1-22:12
MERGED from [androidx.asynclayoutinflater:asynclayoutinflater:1.0.0] AndroidManifest.xml:17:1-22:12
MERGED from [androidx.core:core:1.1.0] AndroidManifest.xml:17:1-26:12
MERGED from [androidx.cursoradapter:cursoradapter:1.0.0] AndroidManifest.xml:17:1-22:12
MERGED from [androidx.versionedparcelable:versionedparcelable:1.1.0] AndroidManifest.xml:17:1-27:12
MERGED from [androidx.lifecycle:lifecycle-viewmodel-savedstate:2.2.0] AndroidManifest.xml:17:1-24:12
MERGED from [androidx.lifecycle:lifecycle-viewmodel:2.2.0] AndroidManifest.xml:17:1-24:12
MERGED from [androidx.documentfile:documentfile:1.0.0] AndroidManifest.xml:17:1-22:12
MERGED from [androidx.localbroadcastmanager:localbroadcastmanager:1.0.0] AndroidManifest.xml:17:1-22:12
MERGED from [androidx.print:print:1.0.0] AndroidManifest.xml:17:1-22:12
MERGED from [androidx.interpolator:interpolator:1.0.0] AndroidManifest.xml:17:1-22:12
MERGED from [androidx.lifecycle:lifecycle-runtime:2.2.0] AndroidManifest.xml:17:1-24:12
MERGED from [androidx.savedstate:savedstate:1.0.0] AndroidManifest.xml:17:1-24:12
MERGED from [androidx.lifecycle:lifecycle-livedata:2.0.0] AndroidManifest.xml:17:1-22:12
MERGED from [androidx.lifecycle:lifecycle-livedata-core:2.2.0] AndroidManifest.xml:17:1-24:12
MERGED from [androidx.arch.core:core-runtime:2.1.0] AndroidManifest.xml:17:1-24:12
INJECTED from src/main/AndroidManifest.xml:2:1-521:12
INJECTED from src/main/AndroidManifest.xml:2:1-521:12
INJECTED from src/main/AndroidManifest.xml:2:1-521:12
	package
		ADDED from src/main/AndroidManifest.xml:3:5-51
		INJECTED from src/main/AndroidManifest.xml
		INJECTED from src/main/AndroidManifest.xml
	android:versionName
		INJECTED from src/main/AndroidManifest.xml
		ADDED from src/main/AndroidManifest.xml:2:1-521:12
		INJECTED from src/main/AndroidManifest.xml
	android:versionCode
		INJECTED from src/main/AndroidManifest.xml
		ADDED from src/main/AndroidManifest.xml:2:1-521:12
		INJECTED from src/main/AndroidManifest.xml
	xmlns:android
		ADDED from src/main/AndroidManifest.xml:2:11-69
uses-permission#android.permission.BLUETOOTH
ADDED from src/main/AndroidManifest.xml:8:5-68
	android:name
		ADDED from src/main/AndroidManifest.xml:8:22-65
uses-permission#android.permission.BLUETOOTH_ADMIN
ADDED from src/main/AndroidManifest.xml:9:5-74
	android:name
		ADDED from src/main/AndroidManifest.xml:9:22-71
uses-permission#android.permission.READ_CALL_LOG
ADDED from src/main/AndroidManifest.xml:10:5-72
	android:name
		ADDED from src/main/AndroidManifest.xml:10:22-69
uses-permission#android.permission.READ_PHONE_STATE
ADDED from src/main/AndroidManifest.xml:11:5-75
	android:name
		ADDED from src/main/AndroidManifest.xml:11:22-72
uses-permission#android.permission.PROCESS_OUTGOING_CALLS
ADDED from src/main/AndroidManifest.xml:12:5-81
	android:name
		ADDED from src/main/AndroidManifest.xml:12:22-78
uses-permission#android.permission.CALL_PHONE
ADDED from src/main/AndroidManifest.xml:13:5-69
	android:name
		ADDED from src/main/AndroidManifest.xml:13:22-66
uses-permission#android.permission.ANSWER_PHONE_CALLS
ADDED from src/main/AndroidManifest.xml:14:5-77
	android:name
		ADDED from src/main/AndroidManifest.xml:14:22-74
uses-permission#android.permission.RECEIVE_SMS
ADDED from src/main/AndroidManifest.xml:15:5-70
	android:name
		ADDED from src/main/AndroidManifest.xml:15:22-67
uses-permission#android.permission.SEND_SMS
ADDED from src/main/AndroidManifest.xml:16:5-67
	android:name
		ADDED from src/main/AndroidManifest.xml:16:22-64
uses-permission#android.permission.READ_CONTACTS
ADDED from src/main/AndroidManifest.xml:17:5-72
	android:name
		ADDED from src/main/AndroidManifest.xml:17:22-69
uses-permission#android.permission.READ_EXTERNAL_STORAGE
ADDED from src/main/AndroidManifest.xml:18:5-80
	android:name
		ADDED from src/main/AndroidManifest.xml:18:22-77
uses-permission#android.permission.READ_CALENDAR
ADDED from src/main/AndroidManifest.xml:19:5-72
	android:name
		ADDED from src/main/AndroidManifest.xml:19:22-69
uses-permission#android.permission.ACCESS_COARSE_LOCATION
ADDED from src/main/AndroidManifest.xml:20:5-81
	android:name
		ADDED from src/main/AndroidManifest.xml:20:22-78
uses-permission#android.permission.MEDIA_CONTENT_CONTROL
ADDED from src/main/AndroidManifest.xml:21:5-80
	android:name
		ADDED from src/main/AndroidManifest.xml:21:22-77
uses-permission#android.permission.RECEIVE_BOOT_COMPLETED
ADDED from src/main/AndroidManifest.xml:22:5-81
	android:name
		ADDED from src/main/AndroidManifest.xml:22:22-78
uses-permission#android.permission.FOREGROUND_SERVICE
ADDED from src/main/AndroidManifest.xml:23:5-77
	android:name
		ADDED from src/main/AndroidManifest.xml:23:22-74
uses-permission#android.permission.VIBRATE
ADDED from src/main/AndroidManifest.xml:24:5-66
	android:name
		ADDED from src/main/AndroidManifest.xml:24:22-63
uses-permission#cyanogenmod.permission.ACCESS_WEATHER_MANAGER
ADDED from src/main/AndroidManifest.xml:25:5-85
	android:name
		ADDED from src/main/AndroidManifest.xml:25:22-82
uses-permission#cyanogenmod.permission.READ_WEATHER
ADDED from src/main/AndroidManifest.xml:26:5-75
	android:name
		ADDED from src/main/AndroidManifest.xml:26:22-72
uses-permission#lineageos.permission.ACCESS_WEATHER_MANAGER
ADDED from src/main/AndroidManifest.xml:27:5-83
	android:name
		ADDED from src/main/AndroidManifest.xml:27:22-80
uses-permission#lineageos.permission.READ_WEATHER
ADDED from src/main/AndroidManifest.xml:28:5-73
	android:name
		ADDED from src/main/AndroidManifest.xml:28:22-70
uses-permission#org.omnirom.omnijaws.READ_WEATHER
ADDED from src/main/AndroidManifest.xml:29:5-73
	android:name
		ADDED from src/main/AndroidManifest.xml:29:22-70
uses-feature#android.hardware.bluetooth
ADDED from src/main/AndroidManifest.xml:31:5-33:35
	android:required
		ADDED from src/main/AndroidManifest.xml:33:9-32
	android:name
		ADDED from src/main/AndroidManifest.xml:32:9-50
uses-feature#android.hardware.bluetooth_le
ADDED from src/main/AndroidManifest.xml:34:5-36:36
	android:required
		ADDED from src/main/AndroidManifest.xml:36:9-33
	android:name
		ADDED from src/main/AndroidManifest.xml:35:9-53
uses-feature#android.hardware.telephony
ADDED from src/main/AndroidManifest.xml:37:5-39:36
	android:required
		ADDED from src/main/AndroidManifest.xml:39:9-33
	android:name
		ADDED from src/main/AndroidManifest.xml:38:9-50
application
ADDED from src/main/AndroidManifest.xml:41:5-519:19
MERGED from [androidx.constraintlayout:constraintlayout:1.1.3] AndroidManifest.xml:9:5-20
MERGED from [androidx.constraintlayout:constraintlayout:1.1.3] AndroidManifest.xml:9:5-20
MERGED from [com.google.android.material:material:1.1.0] AndroidManifest.xml:22:5-20
MERGED from [com.google.android.material:material:1.1.0] AndroidManifest.xml:22:5-20
MERGED from [com.github.wax911:android-emojify:0.1.7] AndroidManifest.xml:11:5-14:19
MERGED from [com.github.wax911:android-emojify:0.1.7] AndroidManifest.xml:11:5-14:19
MERGED from [de.cketti.library.changelog:ckchangelog:1.2.2] AndroidManifest.xml:9:5-20
MERGED from [de.cketti.library.changelog:ckchangelog:1.2.2] AndroidManifest.xml:9:5-20
MERGED from [androidx.core:core:1.1.0] AndroidManifest.xml:24:5-89
MERGED from [androidx.core:core:1.1.0] AndroidManifest.xml:24:5-89
MERGED from [androidx.versionedparcelable:versionedparcelable:1.1.0] AndroidManifest.xml:24:5-25:19
MERGED from [androidx.versionedparcelable:versionedparcelable:1.1.0] AndroidManifest.xml:24:5-25:19
	android:appComponentFactory
		ADDED from [androidx.core:core:1.1.0] AndroidManifest.xml:24:18-86
	android:supportsRtl
		ADDED from [com.github.wax911:android-emojify:0.1.7] AndroidManifest.xml:13:9-35
	android:label
		ADDED from src/main/AndroidManifest.xml:46:9-41
	android:fullBackupContent
		ADDED from src/main/AndroidManifest.xml:44:9-42
	android:roundIcon
		ADDED from src/main/AndroidManifest.xml:47:9-54
	android:icon
		ADDED from src/main/AndroidManifest.xml:45:9-43
	android:allowBackup
		ADDED from src/main/AndroidManifest.xml:43:9-36
	android:theme
		ADDED from src/main/AndroidManifest.xml:48:9-49
	android:name
		ADDED from src/main/AndroidManifest.xml:42:9-38
activity#nodomain.freeyourgadget.gadgetbridge.devices.qhybrid.WidgetSettingsActivity
ADDED from src/main/AndroidManifest.xml:49:9-85
	android:name
		ADDED from src/main/AndroidManifest.xml:49:19-73
activity#nodomain.freeyourgadget.gadgetbridge.activities.ControlCenterv2
ADDED from src/main/AndroidManifest.xml:50:9-61:20
	android:label
		ADDED from src/main/AndroidManifest.xml:52:13-65
	android:theme
		ADDED from src/main/AndroidManifest.xml:53:13-47
	android:name
		ADDED from src/main/AndroidManifest.xml:51:13-55
intent-filter#action:name:android.intent.action.MAIN+category:name:android.intent.category.DEFAULT+category:name:android.intent.category.LAUNCHER
ADDED from src/main/AndroidManifest.xml:54:13-60:29
category#android.intent.category.DEFAULT
ADDED from src/main/AndroidManifest.xml:55:17-76
	android:name
		ADDED from src/main/AndroidManifest.xml:55:27-73
action#android.intent.action.MAIN
ADDED from src/main/AndroidManifest.xml:57:17-69
	android:name
		ADDED from src/main/AndroidManifest.xml:57:25-66
category#android.intent.category.LAUNCHER
ADDED from src/main/AndroidManifest.xml:59:17-77
	android:name
		ADDED from src/main/AndroidManifest.xml:59:27-74
activity#nodomain.freeyourgadget.gadgetbridge.activities.SettingsActivity
ADDED from src/main/AndroidManifest.xml:62:9-65:72
	android:parentActivityName
		ADDED from src/main/AndroidManifest.xml:65:13-69
	android:label
		ADDED from src/main/AndroidManifest.xml:64:13-60
	android:name
		ADDED from src/main/AndroidManifest.xml:63:13-56
activity#nodomain.freeyourgadget.gadgetbridge.activities.charts.ChartsPreferencesActivity
ADDED from src/main/AndroidManifest.xml:66:9-69:89
	android:parentActivityName
		ADDED from src/main/AndroidManifest.xml:69:13-86
	android:label
		ADDED from src/main/AndroidManifest.xml:68:13-58
	android:name
		ADDED from src/main/AndroidManifest.xml:67:13-72
activity#nodomain.freeyourgadget.gadgetbridge.devices.miband.MiBandPreferencesActivity
ADDED from src/main/AndroidManifest.xml:70:9-73:73
	android:parentActivityName
		ADDED from src/main/AndroidManifest.xml:73:13-70
	android:label
		ADDED from src/main/AndroidManifest.xml:72:13-64
	android:name
		ADDED from src/main/AndroidManifest.xml:71:13-69
activity#nodomain.freeyourgadget.gadgetbridge.devices.zetime.ZeTimePreferenceActivity
ADDED from src/main/AndroidManifest.xml:74:9-77:73
	android:parentActivityName
		ADDED from src/main/AndroidManifest.xml:77:13-70
	android:label
		ADDED from src/main/AndroidManifest.xml:76:13-58
	android:name
		ADDED from src/main/AndroidManifest.xml:75:13-68
activity#nodomain.freeyourgadget.gadgetbridge.activities.ActivitySummariesActivity
ADDED from src/main/AndroidManifest.xml:78:9-81:72
	android:parentActivityName
		ADDED from src/main/AndroidManifest.xml:81:13-69
	android:label
		ADDED from src/main/AndroidManifest.xml:80:13-55
	android:name
		ADDED from src/main/AndroidManifest.xml:79:13-65
activity#nodomain.freeyourgadget.gadgetbridge.activities.appmanager.AppManagerActivity
ADDED from src/main/AndroidManifest.xml:82:9-86:72
	android:parentActivityName
		ADDED from src/main/AndroidManifest.xml:86:13-69
	android:label
		ADDED from src/main/AndroidManifest.xml:84:13-62
	android:launchMode
		ADDED from src/main/AndroidManifest.xml:85:13-43
	android:name
		ADDED from src/main/AndroidManifest.xml:83:13-69
activity#nodomain.freeyourgadget.gadgetbridge.activities.AppBlacklistActivity
ADDED from src/main/AndroidManifest.xml:87:9-90:73
	android:parentActivityName
		ADDED from src/main/AndroidManifest.xml:90:13-70
	android:label
		ADDED from src/main/AndroidManifest.xml:89:13-64
	android:name
		ADDED from src/main/AndroidManifest.xml:88:13-60
activity#nodomain.freeyourgadget.gadgetbridge.activities.CalBlacklistActivity
ADDED from src/main/AndroidManifest.xml:91:9-94:73
	android:parentActivityName
		ADDED from src/main/AndroidManifest.xml:94:13-70
	android:label
		ADDED from src/main/AndroidManifest.xml:93:13-64
	android:name
		ADDED from src/main/AndroidManifest.xml:92:13-60
activity#nodomain.freeyourgadget.gadgetbridge.activities.FwAppInstallerActivity
ADDED from src/main/AndroidManifest.xml:95:9-312:20
	android:parentActivityName
		ADDED from src/main/AndroidManifest.xml:98:13-69
	android:label
		ADDED from src/main/AndroidManifest.xml:97:13-67
	android:name
		ADDED from src/main/AndroidManifest.xml:96:13-62
intent-filter#action:name:android.intent.action.VIEW+category:name:android.intent.category.DEFAULT+data:host:*+data:mimeType:*/*+data:pathPattern:/.*\\..*\\..*\\..*\\..*\\..*\\..*\\..*\\..*\\..*\\.ft+data:pathPattern:/.*\\..*\\..*\\..*\\..*\\..*\\..*\\..*\\..*\\..*\\.ft.en+data:pathPattern:/.*\\..*\\..*\\..*\\..*\\..*\\..*\\..*\\..*\\..*\\.fw+data:pathPattern:/.*\\..*\\..*\\..*\\..*\\..*\\..*\\..*\\..*\\..*\\.gps+data:pathPattern:/.*\\..*\\..*\\..*\\..*\\..*\\..*\\..*\\..*\\..*\\.pbl+data:pathPattern:/.*\\..*\\..*\\..*\\..*\\..*\\..*\\..*\\..*\\..*\\.pbw+data:pathPattern:/.*\\..*\\..*\\..*\\..*\\..*\\..*\\..*\\..*\\..*\\.pbz+data:pathPattern:/.*\\..*\\..*\\..*\\..*\\..*\\..*\\..*\\..*\\..*\\.res+data:pathPattern:/.*\\..*\\..*\\..*\\..*\\..*\\..*\\..*\\..*\\.ft+data:pathPattern:/.*\\..*\\..*\\..*\\..*\\..*\\..*\\..*\\..*\\.ft.en+data:pathPattern:/.*\\..*\\..*\\..*\\..*\\..*\\..*\\..*\\..*\\.fw+data:pathPattern:/.*\\..*\\..*\\..*\\..*\\..*\\..*\\..*\\..*\\.gps+data:pathPattern:/.*\\..*\\..*\\..*\\..*\\..*\\..*\\..*\\..*\\.pbl+data:pathPattern:/.*\\..*\\..*\\..*\\..*\\..*\\..*\\..*\\..*\\.pbw+data:pathPattern:/.*\\..*\\..*\\..*\\..*\\..*\\..*\\..*\\..*\\.pbz+data:pathPattern:/.*\\..*\\..*\\..*\\..*\\..*\\..*\\..*\\..*\\.res+data:pathPattern:/.*\\..*\\..*\\..*\\..*\\..*\\..*\\..*\\.ft+data:pathPattern:/.*\\..*\\..*\\..*\\..*\\..*\\..*\\..*\\.ft.en+data:pathPattern:/.*\\..*\\..*\\..*\\..*\\..*\\..*\\..*\\.fw+data:pathPattern:/.*\\..*\\..*\\..*\\..*\\..*\\..*\\..*\\.gps+data:pathPattern:/.*\\..*\\..*\\..*\\..*\\..*\\..*\\..*\\.pbl+data:pathPattern:/.*\\..*\\..*\\..*\\..*\\..*\\..*\\..*\\.pbw+data:pathPattern:/.*\\..*\\..*\\..*\\..*\\..*\\..*\\..*\\.pbz+data:pathPattern:/.*\\..*\\..*\\..*\\..*\\..*\\..*\\..*\\.res+data:pathPattern:/.*\\..*\\..*\\..*\\..*\\..*\\..*\\.ft+data:pathPattern:/.*\\..*\\..*\\..*\\..*\\..*\\..*\\.ft.en+data:pathPattern:/.*\\..*\\..*\\..*\\..*\\..*\\..*\\.fw+data:pathPattern:/.*\\..*\\..*\\..*\\..*\\..*\\..*\\.gps+data:pathPattern:/.*\\..*\\..*\\..*\\..*\\..*\\..*\\.pbl+data:pathPattern:/.*\\..*\\..*\\..*\\..*\\..*\\..*\\.pbw+data:pathPattern:/.*\\..*\\..*\\..*\\..*\\..*\\..*\\.pbz+data:pathPattern:/.*\\..*\\..*\\..*\\..*\\..*\\..*\\.res+data:pathPattern:/.*\\..*\\..*\\..*\\..*\\..*\\.ft+data:pathPattern:/.*\\..*\\..*\\..*\\..*\\..*\\.ft.en+data:pathPattern:/.*\\..*\\..*\\..*\\..*\\..*\\.fw+data:pathPattern:/.*\\..*\\..*\\..*\\..*\\..*\\.gps+data:pathPattern:/.*\\..*\\..*\\..*\\..*\\..*\\.pbl+data:pathPattern:/.*\\..*\\..*\\..*\\..*\\..*\\.pbw+data:pathPattern:/.*\\..*\\..*\\..*\\..*\\..*\\.pbz+data:pathPattern:/.*\\..*\\..*\\..*\\..*\\..*\\.res+data:pathPattern:/.*\\..*\\..*\\..*\\..*\\.ft+data:pathPattern:/.*\\..*\\..*\\..*\\..*\\.ft.en+data:pathPattern:/.*\\..*\\..*\\..*\\..*\\.fw+data:pathPattern:/.*\\..*\\..*\\..*\\..*\\.gps+data:pathPattern:/.*\\..*\\..*\\..*\\..*\\.pbl+data:pathPattern:/.*\\..*\\..*\\..*\\..*\\.pbw+data:pathPattern:/.*\\..*\\..*\\..*\\..*\\.pbz+data:pathPattern:/.*\\..*\\..*\\..*\\..*\\.res+data:pathPattern:/.*\\..*\\..*\\..*\\.ft+data:pathPattern:/.*\\..*\\..*\\..*\\.ft.en+data:pathPattern:/.*\\..*\\..*\\..*\\.fw+data:pathPattern:/.*\\..*\\..*\\..*\\.gps+data:pathPattern:/.*\\..*\\..*\\..*\\.pbl+data:pathPattern:/.*\\..*\\..*\\..*\\.pbw+data:pathPattern:/.*\\..*\\..*\\..*\\.pbz+data:pathPattern:/.*\\..*\\..*\\..*\\.res+data:pathPattern:/.*\\..*\\..*\\.ft+data:pathPattern:/.*\\..*\\..*\\.ft.en+data:pathPattern:/.*\\..*\\..*\\.fw+data:pathPattern:/.*\\..*\\..*\\.gps+data:pathPattern:/.*\\..*\\..*\\.pbl+data:pathPattern:/.*\\..*\\..*\\.pbw+data:pathPattern:/.*\\..*\\..*\\.pbz+data:pathPattern:/.*\\..*\\..*\\.res+data:pathPattern:/.*\\..*\\.ft+data:pathPattern:/.*\\..*\\.ft.en+data:pathPattern:/.*\\..*\\.fw+data:pathPattern:/.*\\..*\\.gps+data:pathPattern:/.*\\..*\\.pbl+data:pathPattern:/.*\\..*\\.pbw+data:pathPattern:/.*\\..*\\.pbz+data:pathPattern:/.*\\..*\\.res+data:pathPattern:/.*\\.ft+data:pathPattern:/.*\\.ft.en+data:pathPattern:/.*\\.fw+data:pathPattern:/.*\\.gps+data:pathPattern:/.*\\.pbl+data:pathPattern:/.*\\.pbw+data:pathPattern:/.*\\.pbz+data:pathPattern:/.*\\.res+data:scheme:file
ADDED from src/main/AndroidManifest.xml:99:13-192:29
action#android.intent.action.VIEW
ADDED from src/main/AndroidManifest.xml:100:17-69
	android:name
		ADDED from src/main/AndroidManifest.xml:100:25-66
data
ADDED from src/main/AndroidManifest.xml:104:17-48
	android:host
		ADDED from src/main/AndroidManifest.xml:107:23-39
	android:scheme
		ADDED from src/main/AndroidManifest.xml:108:23-44
	android:pathPattern
		ADDED from src/main/AndroidManifest.xml:112:23-53
	android:mimeType
		ADDED from src/main/AndroidManifest.xml:104:23-45
intent-filter#action:name:android.intent.action.VIEW+category:name:android.intent.category.DEFAULT+data:host:*+data:pathPattern:/.*\\..*\\..*\\..*\\..*\\..*\\..*\\..*\\..*\\..*\\.ft+data:pathPattern:/.*\\..*\\..*\\..*\\..*\\..*\\..*\\..*\\..*\\..*\\.ft.en+data:pathPattern:/.*\\..*\\..*\\..*\\..*\\..*\\..*\\..*\\..*\\..*\\.fw+data:pathPattern:/.*\\..*\\..*\\..*\\..*\\..*\\..*\\..*\\..*\\..*\\.gps+data:pathPattern:/.*\\..*\\..*\\..*\\..*\\..*\\..*\\..*\\..*\\..*\\.pbl+data:pathPattern:/.*\\..*\\..*\\..*\\..*\\..*\\..*\\..*\\..*\\..*\\.pbw+data:pathPattern:/.*\\..*\\..*\\..*\\..*\\..*\\..*\\..*\\..*\\..*\\.pbz+data:pathPattern:/.*\\..*\\..*\\..*\\..*\\..*\\..*\\..*\\..*\\..*\\.res+data:pathPattern:/.*\\..*\\..*\\..*\\..*\\..*\\..*\\..*\\..*\\.ft+data:pathPattern:/.*\\..*\\..*\\..*\\..*\\..*\\..*\\..*\\..*\\.ft.en+data:pathPattern:/.*\\..*\\..*\\..*\\..*\\..*\\..*\\..*\\..*\\.fw+data:pathPattern:/.*\\..*\\..*\\..*\\..*\\..*\\..*\\..*\\..*\\.gps+data:pathPattern:/.*\\..*\\..*\\..*\\..*\\..*\\..*\\..*\\..*\\.pbl+data:pathPattern:/.*\\..*\\..*\\..*\\..*\\..*\\..*\\..*\\..*\\.pbw+data:pathPattern:/.*\\..*\\..*\\..*\\..*\\..*\\..*\\..*\\..*\\.pbz+data:pathPattern:/.*\\..*\\..*\\..*\\..*\\..*\\..*\\..*\\..*\\.res+data:pathPattern:/.*\\..*\\..*\\..*\\..*\\..*\\..*\\..*\\.ft+data:pathPattern:/.*\\..*\\..*\\..*\\..*\\..*\\..*\\..*\\.ft.en+data:pathPattern:/.*\\..*\\..*\\..*\\..*\\..*\\..*\\..*\\.fw+data:pathPattern:/.*\\..*\\..*\\..*\\..*\\..*\\..*\\..*\\.gps+data:pathPattern:/.*\\..*\\..*\\..*\\..*\\..*\\..*\\..*\\.pbl+data:pathPattern:/.*\\..*\\..*\\..*\\..*\\..*\\..*\\..*\\.pbw+data:pathPattern:/.*\\..*\\..*\\..*\\..*\\..*\\..*\\..*\\.pbz+data:pathPattern:/.*\\..*\\..*\\..*\\..*\\..*\\..*\\..*\\.res+data:pathPattern:/.*\\..*\\..*\\..*\\..*\\..*\\..*\\.ft+data:pathPattern:/.*\\..*\\..*\\..*\\..*\\..*\\..*\\.ft.en+data:pathPattern:/.*\\..*\\..*\\..*\\..*\\..*\\..*\\.fw+data:pathPattern:/.*\\..*\\..*\\..*\\..*\\..*\\..*\\.gps+data:pathPattern:/.*\\..*\\..*\\..*\\..*\\..*\\..*\\.pbl+data:pathPattern:/.*\\..*\\..*\\..*\\..*\\..*\\..*\\.pbw+data:pathPattern:/.*\\..*\\..*\\..*\\..*\\..*\\..*\\.pbz+data:pathPattern:/.*\\..*\\..*\\..*\\..*\\..*\\..*\\.res+data:pathPattern:/.*\\..*\\..*\\..*\\..*\\..*\\.ft+data:pathPattern:/.*\\..*\\..*\\..*\\..*\\..*\\.ft.en+data:pathPattern:/.*\\..*\\..*\\..*\\..*\\..*\\.fw+data:pathPattern:/.*\\..*\\..*\\..*\\..*\\..*\\.gps+data:pathPattern:/.*\\..*\\..*\\..*\\..*\\..*\\.pbl+data:pathPattern:/.*\\..*\\..*\\..*\\..*\\..*\\.pbw+data:pathPattern:/.*\\..*\\..*\\..*\\..*\\..*\\.pbz+data:pathPattern:/.*\\..*\\..*\\..*\\..*\\..*\\.res+data:pathPattern:/.*\\..*\\..*\\..*\\..*\\.ft+data:pathPattern:/.*\\..*\\..*\\..*\\..*\\.ft.en+data:pathPattern:/.*\\..*\\..*\\..*\\..*\\.fw+data:pathPattern:/.*\\..*\\..*\\..*\\..*\\.gps+data:pathPattern:/.*\\..*\\..*\\..*\\..*\\.pbl+data:pathPattern:/.*\\..*\\..*\\..*\\..*\\.pbw+data:pathPattern:/.*\\..*\\..*\\..*\\..*\\.pbz+data:pathPattern:/.*\\..*\\..*\\..*\\..*\\.res+data:pathPattern:/.*\\..*\\..*\\..*\\.ft+data:pathPattern:/.*\\..*\\..*\\..*\\.ft.en+data:pathPattern:/.*\\..*\\..*\\..*\\.fw+data:pathPattern:/.*\\..*\\..*\\..*\\.gps+data:pathPattern:/.*\\..*\\..*\\..*\\.pbl+data:pathPattern:/.*\\..*\\..*\\..*\\.pbw+data:pathPattern:/.*\\..*\\..*\\..*\\.pbz+data:pathPattern:/.*\\..*\\..*\\..*\\.res+data:pathPattern:/.*\\..*\\..*\\.ft+data:pathPattern:/.*\\..*\\..*\\.ft.en+data:pathPattern:/.*\\..*\\..*\\.fw+data:pathPattern:/.*\\..*\\..*\\.gps+data:pathPattern:/.*\\..*\\..*\\.pbl+data:pathPattern:/.*\\..*\\..*\\.pbw+data:pathPattern:/.*\\..*\\..*\\.pbz+data:pathPattern:/.*\\..*\\..*\\.res+data:pathPattern:/.*\\..*\\.ft+data:pathPattern:/.*\\..*\\.ft.en+data:pathPattern:/.*\\..*\\.fw+data:pathPattern:/.*\\..*\\.gps+data:pathPattern:/.*\\..*\\.pbl+data:pathPattern:/.*\\..*\\.pbw+data:pathPattern:/.*\\..*\\.pbz+data:pathPattern:/.*\\..*\\.res+data:pathPattern:/.*\\.ft+data:pathPattern:/.*\\.ft.en+data:pathPattern:/.*\\.fw+data:pathPattern:/.*\\.gps+data:pathPattern:/.*\\.pbl+data:pathPattern:/.*\\.pbw+data:pathPattern:/.*\\.pbz+data:pathPattern:/.*\\.res+data:scheme:file
ADDED from src/main/AndroidManifest.xml:193:13-285:29
intent-filter#action:name:android.intent.action.VIEW+category:name:android.intent.category.DEFAULT+data:mimeType:application/octet-stream
ADDED from src/main/AndroidManifest.xml:288:13-294:29
intent-filter#action:name:android.intent.action.VIEW+category:name:android.intent.category.DEFAULT+data:mimeType:application/x-zip-compressed+data:mimeType:application/zip
ADDED from src/main/AndroidManifest.xml:296:13-303:29
intent-filter#action:name:android.intent.action.SEND+category:name:android.intent.category.DEFAULT+data:mimeType:*/*
ADDED from src/main/AndroidManifest.xml:305:13-311:29
action#android.intent.action.SEND
ADDED from src/main/AndroidManifest.xml:306:17-69
	android:name
		ADDED from src/main/AndroidManifest.xml:306:25-66
service#nodomain.freeyourgadget.gadgetbridge.externalevents.NotificationListener
ADDED from src/main/AndroidManifest.xml:314:9-321:19
	android:label
		ADDED from src/main/AndroidManifest.xml:316:13-45
	android:permission
		ADDED from src/main/AndroidManifest.xml:317:13-87
	android:name
		ADDED from src/main/AndroidManifest.xml:315:13-64
intent-filter#action:name:android.service.notification.NotificationListenerService
ADDED from src/main/AndroidManifest.xml:318:13-320:29
action#android.service.notification.NotificationListenerService
ADDED from src/main/AndroidManifest.xml:319:17-99
	android:name
		ADDED from src/main/AndroidManifest.xml:319:25-96
service#nodomain.freeyourgadget.gadgetbridge.service.NotificationCollectorMonitorService
ADDED from src/main/AndroidManifest.xml:322:9-80
	android:name
		ADDED from src/main/AndroidManifest.xml:322:18-77
service#nodomain.freeyourgadget.gadgetbridge.service.DeviceCommunicationService
ADDED from src/main/AndroidManifest.xml:323:9-71
	android:name
		ADDED from src/main/AndroidManifest.xml:323:18-68
receiver#nodomain.freeyourgadget.gadgetbridge.externalevents.WeatherNotificationReceiver
ADDED from src/main/AndroidManifest.xml:325:9-331:20
	android:enabled
		ADDED from src/main/AndroidManifest.xml:327:13-35
	android:name
		ADDED from src/main/AndroidManifest.xml:326:13-71
intent-filter#action:name:ru.gelin.android.weather.notification.ACTION_WEATHER_UPDATE_2
ADDED from src/main/AndroidManifest.xml:328:13-330:29
action#ru.gelin.android.weather.notification.ACTION_WEATHER_UPDATE_2
ADDED from src/main/AndroidManifest.xml:329:17-104
	android:name
		ADDED from src/main/AndroidManifest.xml:329:25-101
activity#nodomain.freeyourgadget.gadgetbridge.externalevents.WeatherNotificationConfig
ADDED from src/main/AndroidManifest.xml:333:9-337:20
	android:name
		ADDED from src/main/AndroidManifest.xml:333:19-75
intent-filter#action:name:ru.gelin.android.weather.notification.ACTION_WEATHER_SKIN_PREFERENCES
ADDED from src/main/AndroidManifest.xml:334:13-336:29
action#ru.gelin.android.weather.notification.ACTION_WEATHER_SKIN_PREFERENCES
ADDED from src/main/AndroidManifest.xml:335:17-112
	android:name
		ADDED from src/main/AndroidManifest.xml:335:25-109
receiver#nodomain.freeyourgadget.gadgetbridge.externalevents.AutoStartReceiver
ADDED from src/main/AndroidManifest.xml:339:9-347:20
	android:permission
		ADDED from src/main/AndroidManifest.xml:341:13-75
	android:name
		ADDED from src/main/AndroidManifest.xml:340:13-61
intent-filter#action:name:android.intent.action.BOOT_COMPLETED+category:name:android.intent.category.DEFAULT
ADDED from src/main/AndroidManifest.xml:342:13-346:29
action#android.intent.action.BOOT_COMPLETED
ADDED from src/main/AndroidManifest.xml:343:17-79
	android:name
		ADDED from src/main/AndroidManifest.xml:343:25-76
receiver#nodomain.freeyourgadget.gadgetbridge.externalevents.BluetoothStateChangeReceiver
ADDED from src/main/AndroidManifest.xml:348:9-354:20
	android:exported
		ADDED from src/main/AndroidManifest.xml:350:13-37
	android:name
		ADDED from src/main/AndroidManifest.xml:349:13-72
intent-filter#action:name:android.bluetooth.adapter.action.STATE_CHANGED
ADDED from src/main/AndroidManifest.xml:351:13-353:29
action#android.bluetooth.adapter.action.STATE_CHANGED
ADDED from src/main/AndroidManifest.xml:352:17-89
	android:name
		ADDED from src/main/AndroidManifest.xml:352:25-86
receiver#nodomain.freeyourgadget.gadgetbridge.service.receivers.GBMusicControlReceiver
ADDED from src/main/AndroidManifest.xml:355:9-361:20
	android:exported
		ADDED from src/main/AndroidManifest.xml:357:13-37
	android:name
		ADDED from src/main/AndroidManifest.xml:356:13-69
intent-filter#action:name:nodomain.freeyourgadget.gadgetbridge.musiccontrol
ADDED from src/main/AndroidManifest.xml:358:13-360:29
action#nodomain.freeyourgadget.gadgetbridge.musiccontrol
ADDED from src/main/AndroidManifest.xml:359:17-92
	android:name
		ADDED from src/main/AndroidManifest.xml:359:25-89
receiver#nodomain.freeyourgadget.gadgetbridge.service.receivers.GBCallControlReceiver
ADDED from src/main/AndroidManifest.xml:362:9-368:20
	android:exported
		ADDED from src/main/AndroidManifest.xml:364:13-37
	android:name
		ADDED from src/main/AndroidManifest.xml:363:13-68
intent-filter#action:name:nodomain.freeyourgadget.gadgetbridge.callcontrol
ADDED from src/main/AndroidManifest.xml:365:13-367:29
action#nodomain.freeyourgadget.gadgetbridge.callcontrol
ADDED from src/main/AndroidManifest.xml:366:17-91
	android:name
		ADDED from src/main/AndroidManifest.xml:366:25-88
receiver#nodomain.freeyourgadget.gadgetbridge.database.PeriodicExporter
ADDED from src/main/AndroidManifest.xml:369:9-372:49
	android:enabled